

Microchip Technology PIC LITE Macro Assembler V1.45 build -152302408 
                                                                                               Mon Apr 30 21:32:21 2018

Microchip Technology Omniscient Code Generator v1.45 (Free mode) build 201711160504
     1                           	processor	16LF1503
     2                           	opt	pw 120
     3                           	opt	lm
     4                           	psect	cinit,global,class=CODE,merge=1,delta=2
     5                           	psect	bssCOMMON,global,class=COMMON,space=1,delta=1
     6                           	psect	cstackCOMMON,global,class=COMMON,space=1,delta=1
     7                           	psect	maintext,global,class=CODE,merge=1,split=1,delta=2
     8                           	psect	text1,local,class=CODE,merge=1,delta=2
     9                           	psect	text2,local,class=CODE,merge=1,delta=2
    10                           	psect	text3,local,class=CODE,merge=1,delta=2
    11                           	psect	intentry,global,class=CODE,delta=2
    12                           	psect	text5,local,class=CODE,merge=1,delta=2
    13                           	dabs	1,0x7E,2
    14  0000                     
    15                           ; Version 1.45
    16                           ; Generated 16/11/2017 GMT
    17                           ; 
    18                           ; Copyright © 2017, Microchip Technology Inc. and its subsidiaries ("Microchip")
    19                           ; All rights reserved.
    20                           ; 
    21                           ; This software is developed by Microchip Technology Inc. and its subsidiaries ("Microch
      +                          ip").
    22                           ; 
    23                           ; Redistribution and use in source and binary forms, with or without modification, are
    24                           ; permitted provided that the following conditions are met:
    25                           ; 
    26                           ;     1. Redistributions of source code must retain the above copyright notice, this lis
      +                          t of
    27                           ;        conditions and the following disclaimer.
    28                           ; 
    29                           ;     2. Redistributions in binary form must reproduce the above copyright notice, this 
      +                          list
    30                           ;        of conditions and the following disclaimer in the documentation and/or other
    31                           ;        materials provided with the distribution.
    32                           ; 
    33                           ;     3. Microchip's name may not be used to endorse or promote products derived from th
      +                          is
    34                           ;        software without specific prior written permission.
    35                           ; 
    36                           ; THIS SOFTWARE IS PROVIDED BY MICROCHIP "AS IS" AND ANY EXPRESS OR IMPLIED WARRANTIES,
    37                           ; INCLUDING, BUT NOT LIMITED TO, THE IMPLIED WARRANTIES OF MERCHANTABILITY AND FITNESS F
      +                          OR
    38                           ; PURPOSE ARE DISCLAIMED.  IN NO EVENT SHALL MICROCHIP BE LIABLE FOR ANY DIRECT, INDIREC
      +                          T,
    39                           ; INCIDENTAL, SPECIAL, EXEMPLARY, OR CONSEQUENTIAL DAMAGES (INCLUDING BUT NOT LIMITED TO
    40                           ; PROCUREMENT OF SUBSTITUTE GOODS OR SERVICES; LOSS OF USE, DATA OR PROFITS; OR BUSINESS
    41                           ; INTERRUPTION) HOWSOEVER CAUSED AND ON ANY THEORY OF LIABILITY, WHETHER IN CONTRACT, ST
      +                          RICT
    42                           ; LIABILITY, OR TORT (INCLUDING NEGLIGENCE OR OTHERWISE) ARISING IN ANY WAY OUT OF THE U
      +                          SE OF
    43                           ; THIS SOFTWARE, EVEN IF ADVISED OF THE POSSIBILITY OF SUCH DAMAGE.
    44                           ; 
    45                           ; 
    46                           ; Code-generator required, PIC16LF1503 Definitions
    47                           ; 
    48                           ; SFR Addresses
    49  0000                     	;# 
    50  0001                     	;# 
    51  0002                     	;# 
    52  0003                     	;# 
    53  0004                     	;# 
    54  0005                     	;# 
    55  0006                     	;# 
    56  0007                     	;# 
    57  0008                     	;# 
    58  0009                     	;# 
    59  000A                     	;# 
    60  000B                     	;# 
    61  000C                     	;# 
    62  000E                     	;# 
    63  0011                     	;# 
    64  0012                     	;# 
    65  0013                     	;# 
    66  0015                     	;# 
    67  0016                     	;# 
    68  0016                     	;# 
    69  0017                     	;# 
    70  0018                     	;# 
    71  0019                     	;# 
    72  001A                     	;# 
    73  001B                     	;# 
    74  001C                     	;# 
    75  008C                     	;# 
    76  008E                     	;# 
    77  0091                     	;# 
    78  0092                     	;# 
    79  0093                     	;# 
    80  0095                     	;# 
    81  0096                     	;# 
    82  0097                     	;# 
    83  0099                     	;# 
    84  009A                     	;# 
    85  009B                     	;# 
    86  009B                     	;# 
    87  009C                     	;# 
    88  009D                     	;# 
    89  009E                     	;# 
    90  009F                     	;# 
    91  010C                     	;# 
    92  010E                     	;# 
    93  0111                     	;# 
    94  0112                     	;# 
    95  0113                     	;# 
    96  0114                     	;# 
    97  0115                     	;# 
    98  0116                     	;# 
    99  0117                     	;# 
   100  0118                     	;# 
   101  0119                     	;# 
   102  011D                     	;# 
   103  018C                     	;# 
   104  018E                     	;# 
   105  0191                     	;# 
   106  0191                     	;# 
   107  0192                     	;# 
   108  0193                     	;# 
   109  0193                     	;# 
   110  0194                     	;# 
   111  0195                     	;# 
   112  0196                     	;# 
   113  020C                     	;# 
   114  0211                     	;# 
   115  0211                     	;# 
   116  0212                     	;# 
   117  0212                     	;# 
   118  0213                     	;# 
   119  0213                     	;# 
   120  0214                     	;# 
   121  0214                     	;# 
   122  0215                     	;# 
   123  0215                     	;# 
   124  0215                     	;# 
   125  0216                     	;# 
   126  0216                     	;# 
   127  0217                     	;# 
   128  0217                     	;# 
   129  0391                     	;# 
   130  0392                     	;# 
   131  0393                     	;# 
   132  0498                     	;# 
   133  0498                     	;# 
   134  0499                     	;# 
   135  049A                     	;# 
   136  049B                     	;# 
   137  049B                     	;# 
   138  049C                     	;# 
   139  049D                     	;# 
   140  049E                     	;# 
   141  049F                     	;# 
   142  0611                     	;# 
   143  0612                     	;# 
   144  0613                     	;# 
   145  0613                     	;# 
   146  0614                     	;# 
   147  0615                     	;# 
   148  0616                     	;# 
   149  0616                     	;# 
   150  0617                     	;# 
   151  0618                     	;# 
   152  0619                     	;# 
   153  0619                     	;# 
   154  061A                     	;# 
   155  061B                     	;# 
   156  061C                     	;# 
   157  061C                     	;# 
   158  0691                     	;# 
   159  0692                     	;# 
   160  0693                     	;# 
   161  0694                     	;# 
   162  0695                     	;# 
   163  0F0F                     	;# 
   164  0F10                     	;# 
   165  0F11                     	;# 
   166  0F12                     	;# 
   167  0F13                     	;# 
   168  0F14                     	;# 
   169  0F15                     	;# 
   170  0F16                     	;# 
   171  0F17                     	;# 
   172  0F18                     	;# 
   173  0F19                     	;# 
   174  0F1A                     	;# 
   175  0F1B                     	;# 
   176  0F1C                     	;# 
   177  0F1D                     	;# 
   178  0F1E                     	;# 
   179  0F1F                     	;# 
   180  0FE3                     	;# 
   181  0FE4                     	;# 
   182  0FE5                     	;# 
   183  0FE6                     	;# 
   184  0FE7                     	;# 
   185  0FE8                     	;# 
   186  0FE9                     	;# 
   187  0FEA                     	;# 
   188  0FEB                     	;# 
   189  0FED                     	;# 
   190  0FEE                     	;# 
   191  0FEF                     	;# 
   192  0000                     	;# 
   193  0001                     	;# 
   194  0002                     	;# 
   195  0003                     	;# 
   196  0004                     	;# 
   197  0005                     	;# 
   198  0006                     	;# 
   199  0007                     	;# 
   200  0008                     	;# 
   201  0009                     	;# 
   202  000A                     	;# 
   203  000B                     	;# 
   204  000C                     	;# 
   205  000E                     	;# 
   206  0011                     	;# 
   207  0012                     	;# 
   208  0013                     	;# 
   209  0015                     	;# 
   210  0016                     	;# 
   211  0016                     	;# 
   212  0017                     	;# 
   213  0018                     	;# 
   214  0019                     	;# 
   215  001A                     	;# 
   216  001B                     	;# 
   217  001C                     	;# 
   218  008C                     	;# 
   219  008E                     	;# 
   220  0091                     	;# 
   221  0092                     	;# 
   222  0093                     	;# 
   223  0095                     	;# 
   224  0096                     	;# 
   225  0097                     	;# 
   226  0099                     	;# 
   227  009A                     	;# 
   228  009B                     	;# 
   229  009B                     	;# 
   230  009C                     	;# 
   231  009D                     	;# 
   232  009E                     	;# 
   233  009F                     	;# 
   234  010C                     	;# 
   235  010E                     	;# 
   236  0111                     	;# 
   237  0112                     	;# 
   238  0113                     	;# 
   239  0114                     	;# 
   240  0115                     	;# 
   241  0116                     	;# 
   242  0117                     	;# 
   243  0118                     	;# 
   244  0119                     	;# 
   245  011D                     	;# 
   246  018C                     	;# 
   247  018E                     	;# 
   248  0191                     	;# 
   249  0191                     	;# 
   250  0192                     	;# 
   251  0193                     	;# 
   252  0193                     	;# 
   253  0194                     	;# 
   254  0195                     	;# 
   255  0196                     	;# 
   256  020C                     	;# 
   257  0211                     	;# 
   258  0211                     	;# 
   259  0212                     	;# 
   260  0212                     	;# 
   261  0213                     	;# 
   262  0213                     	;# 
   263  0214                     	;# 
   264  0214                     	;# 
   265  0215                     	;# 
   266  0215                     	;# 
   267  0215                     	;# 
   268  0216                     	;# 
   269  0216                     	;# 
   270  0217                     	;# 
   271  0217                     	;# 
   272  0391                     	;# 
   273  0392                     	;# 
   274  0393                     	;# 
   275  0498                     	;# 
   276  0498                     	;# 
   277  0499                     	;# 
   278  049A                     	;# 
   279  049B                     	;# 
   280  049B                     	;# 
   281  049C                     	;# 
   282  049D                     	;# 
   283  049E                     	;# 
   284  049F                     	;# 
   285  0611                     	;# 
   286  0612                     	;# 
   287  0613                     	;# 
   288  0613                     	;# 
   289  0614                     	;# 
   290  0615                     	;# 
   291  0616                     	;# 
   292  0616                     	;# 
   293  0617                     	;# 
   294  0618                     	;# 
   295  0619                     	;# 
   296  0619                     	;# 
   297  061A                     	;# 
   298  061B                     	;# 
   299  061C                     	;# 
   300  061C                     	;# 
   301  0691                     	;# 
   302  0692                     	;# 
   303  0693                     	;# 
   304  0694                     	;# 
   305  0695                     	;# 
   306  0F0F                     	;# 
   307  0F10                     	;# 
   308  0F11                     	;# 
   309  0F12                     	;# 
   310  0F13                     	;# 
   311  0F14                     	;# 
   312  0F15                     	;# 
   313  0F16                     	;# 
   314  0F17                     	;# 
   315  0F18                     	;# 
   316  0F19                     	;# 
   317  0F1A                     	;# 
   318  0F1B                     	;# 
   319  0F1C                     	;# 
   320  0F1D                     	;# 
   321  0F1E                     	;# 
   322  0F1F                     	;# 
   323  0FE3                     	;# 
   324  0FE4                     	;# 
   325  0FE5                     	;# 
   326  0FE6                     	;# 
   327  0FE7                     	;# 
   328  0FE8                     	;# 
   329  0FE9                     	;# 
   330  0FEA                     	;# 
   331  0FEB                     	;# 
   332  0FED                     	;# 
   333  0FEE                     	;# 
   334  0FEF                     	;# 
   335  0000                     	;# 
   336  0001                     	;# 
   337  0002                     	;# 
   338  0003                     	;# 
   339  0004                     	;# 
   340  0005                     	;# 
   341  0006                     	;# 
   342  0007                     	;# 
   343  0008                     	;# 
   344  0009                     	;# 
   345  000A                     	;# 
   346  000B                     	;# 
   347  000C                     	;# 
   348  000E                     	;# 
   349  0011                     	;# 
   350  0012                     	;# 
   351  0013                     	;# 
   352  0015                     	;# 
   353  0016                     	;# 
   354  0016                     	;# 
   355  0017                     	;# 
   356  0018                     	;# 
   357  0019                     	;# 
   358  001A                     	;# 
   359  001B                     	;# 
   360  001C                     	;# 
   361  008C                     	;# 
   362  008E                     	;# 
   363  0091                     	;# 
   364  0092                     	;# 
   365  0093                     	;# 
   366  0095                     	;# 
   367  0096                     	;# 
   368  0097                     	;# 
   369  0099                     	;# 
   370  009A                     	;# 
   371  009B                     	;# 
   372  009B                     	;# 
   373  009C                     	;# 
   374  009D                     	;# 
   375  009E                     	;# 
   376  009F                     	;# 
   377  010C                     	;# 
   378  010E                     	;# 
   379  0111                     	;# 
   380  0112                     	;# 
   381  0113                     	;# 
   382  0114                     	;# 
   383  0115                     	;# 
   384  0116                     	;# 
   385  0117                     	;# 
   386  0118                     	;# 
   387  0119                     	;# 
   388  011D                     	;# 
   389  018C                     	;# 
   390  018E                     	;# 
   391  0191                     	;# 
   392  0191                     	;# 
   393  0192                     	;# 
   394  0193                     	;# 
   395  0193                     	;# 
   396  0194                     	;# 
   397  0195                     	;# 
   398  0196                     	;# 
   399  020C                     	;# 
   400  0211                     	;# 
   401  0211                     	;# 
   402  0212                     	;# 
   403  0212                     	;# 
   404  0213                     	;# 
   405  0213                     	;# 
   406  0214                     	;# 
   407  0214                     	;# 
   408  0215                     	;# 
   409  0215                     	;# 
   410  0215                     	;# 
   411  0216                     	;# 
   412  0216                     	;# 
   413  0217                     	;# 
   414  0217                     	;# 
   415  0391                     	;# 
   416  0392                     	;# 
   417  0393                     	;# 
   418  0498                     	;# 
   419  0498                     	;# 
   420  0499                     	;# 
   421  049A                     	;# 
   422  049B                     	;# 
   423  049B                     	;# 
   424  049C                     	;# 
   425  049D                     	;# 
   426  049E                     	;# 
   427  049F                     	;# 
   428  0611                     	;# 
   429  0612                     	;# 
   430  0613                     	;# 
   431  0613                     	;# 
   432  0614                     	;# 
   433  0615                     	;# 
   434  0616                     	;# 
   435  0616                     	;# 
   436  0617                     	;# 
   437  0618                     	;# 
   438  0619                     	;# 
   439  0619                     	;# 
   440  061A                     	;# 
   441  061B                     	;# 
   442  061C                     	;# 
   443  061C                     	;# 
   444  0691                     	;# 
   445  0692                     	;# 
   446  0693                     	;# 
   447  0694                     	;# 
   448  0695                     	;# 
   449  0F0F                     	;# 
   450  0F10                     	;# 
   451  0F11                     	;# 
   452  0F12                     	;# 
   453  0F13                     	;# 
   454  0F14                     	;# 
   455  0F15                     	;# 
   456  0F16                     	;# 
   457  0F17                     	;# 
   458  0F18                     	;# 
   459  0F19                     	;# 
   460  0F1A                     	;# 
   461  0F1B                     	;# 
   462  0F1C                     	;# 
   463  0F1D                     	;# 
   464  0F1E                     	;# 
   465  0F1F                     	;# 
   466  0FE3                     	;# 
   467  0FE4                     	;# 
   468  0FE5                     	;# 
   469  0FE6                     	;# 
   470  0FE7                     	;# 
   471  0FE8                     	;# 
   472  0FE9                     	;# 
   473  0FEA                     	;# 
   474  0FEB                     	;# 
   475  0FED                     	;# 
   476  0FEE                     	;# 
   477  0FEF                     	;# 
   478  0000                     	;# 
   479  0001                     	;# 
   480  0002                     	;# 
   481  0003                     	;# 
   482  0004                     	;# 
   483  0005                     	;# 
   484  0006                     	;# 
   485  0007                     	;# 
   486  0008                     	;# 
   487  0009                     	;# 
   488  000A                     	;# 
   489  000B                     	;# 
   490  000C                     	;# 
   491  000E                     	;# 
   492  0011                     	;# 
   493  0012                     	;# 
   494  0013                     	;# 
   495  0015                     	;# 
   496  0016                     	;# 
   497  0016                     	;# 
   498  0017                     	;# 
   499  0018                     	;# 
   500  0019                     	;# 
   501  001A                     	;# 
   502  001B                     	;# 
   503  001C                     	;# 
   504  008C                     	;# 
   505  008E                     	;# 
   506  0091                     	;# 
   507  0092                     	;# 
   508  0093                     	;# 
   509  0095                     	;# 
   510  0096                     	;# 
   511  0097                     	;# 
   512  0099                     	;# 
   513  009A                     	;# 
   514  009B                     	;# 
   515  009B                     	;# 
   516  009C                     	;# 
   517  009D                     	;# 
   518  009E                     	;# 
   519  009F                     	;# 
   520  010C                     	;# 
   521  010E                     	;# 
   522  0111                     	;# 
   523  0112                     	;# 
   524  0113                     	;# 
   525  0114                     	;# 
   526  0115                     	;# 
   527  0116                     	;# 
   528  0117                     	;# 
   529  0118                     	;# 
   530  0119                     	;# 
   531  011D                     	;# 
   532  018C                     	;# 
   533  018E                     	;# 
   534  0191                     	;# 
   535  0191                     	;# 
   536  0192                     	;# 
   537  0193                     	;# 
   538  0193                     	;# 
   539  0194                     	;# 
   540  0195                     	;# 
   541  0196                     	;# 
   542  020C                     	;# 
   543  0211                     	;# 
   544  0211                     	;# 
   545  0212                     	;# 
   546  0212                     	;# 
   547  0213                     	;# 
   548  0213                     	;# 
   549  0214                     	;# 
   550  0214                     	;# 
   551  0215                     	;# 
   552  0215                     	;# 
   553  0215                     	;# 
   554  0216                     	;# 
   555  0216                     	;# 
   556  0217                     	;# 
   557  0217                     	;# 
   558  0391                     	;# 
   559  0392                     	;# 
   560  0393                     	;# 
   561  0498                     	;# 
   562  0498                     	;# 
   563  0499                     	;# 
   564  049A                     	;# 
   565  049B                     	;# 
   566  049B                     	;# 
   567  049C                     	;# 
   568  049D                     	;# 
   569  049E                     	;# 
   570  049F                     	;# 
   571  0611                     	;# 
   572  0612                     	;# 
   573  0613                     	;# 
   574  0613                     	;# 
   575  0614                     	;# 
   576  0615                     	;# 
   577  0616                     	;# 
   578  0616                     	;# 
   579  0617                     	;# 
   580  0618                     	;# 
   581  0619                     	;# 
   582  0619                     	;# 
   583  061A                     	;# 
   584  061B                     	;# 
   585  061C                     	;# 
   586  061C                     	;# 
   587  0691                     	;# 
   588  0692                     	;# 
   589  0693                     	;# 
   590  0694                     	;# 
   591  0695                     	;# 
   592  0F0F                     	;# 
   593  0F10                     	;# 
   594  0F11                     	;# 
   595  0F12                     	;# 
   596  0F13                     	;# 
   597  0F14                     	;# 
   598  0F15                     	;# 
   599  0F16                     	;# 
   600  0F17                     	;# 
   601  0F18                     	;# 
   602  0F19                     	;# 
   603  0F1A                     	;# 
   604  0F1B                     	;# 
   605  0F1C                     	;# 
   606  0F1D                     	;# 
   607  0F1E                     	;# 
   608  0F1F                     	;# 
   609  0FE3                     	;# 
   610  0FE4                     	;# 
   611  0FE5                     	;# 
   612  0FE6                     	;# 
   613  0FE7                     	;# 
   614  0FE8                     	;# 
   615  0FE9                     	;# 
   616  0FEA                     	;# 
   617  0FEB                     	;# 
   618  0FED                     	;# 
   619  0FEE                     	;# 
   620  0FEF                     	;# 
   621  000C                     _PORTAbits	set	12
   622  000B                     _INTCONbits	set	11
   623  008E                     _TRISCbits	set	142
   624  008C                     _TRISAbits	set	140
   625  0099                     _OSCCONbits	set	153
   626  0211                     _SSP1BUF	set	529
   627  0214                     _SSP1STATbits	set	532
   628  0215                     _SSPCON1bits	set	533
   629                           
   630                           ; #config settings
   631  0000                     
   632                           	psect	cinit
   633  0010                     start_initialization:	
   634  0010                     __initialization:	
   635                           
   636                           ; Clear objects allocated to COMMON
   637  0010  01F6               	clrf	__pbssCOMMON& (0+127)
   638  0011                     end_of_initialization:	
   639                           ;End of C runtime variable initialization code
   640                           
   641  0011                     __end_of__initialization:	
   642  0011  107E               	bcf	int$flags,0	;clear compiler interrupt flag (level 1)
   643  0012  0020               	movlb	0
   644  0013  283D               	ljmp	_main	;jump to C main() function
   645                           
   646                           	psect	bssCOMMON
   647  0076                     __pbssCOMMON:	
   648  0076                     _status:	
   649  0076                     	ds	1
   650                           
   651                           	psect	cstackCOMMON
   652  0070                     __pcstackCOMMON:	
   653  0070                     ?_nrf24l01ISR:	
   654  0070                     ??_nrf24l01ISR:	
   655                           ; 1 bytes @ 0x0
   656                           
   657  0070                     ?_nrf24l01Init:	
   658                           ; 1 bytes @ 0x0
   659                           
   660  0070                     ?_ISR:	
   661                           ; 1 bytes @ 0x0
   662                           
   663  0070                     ??_ISR:	
   664                           ; 1 bytes @ 0x0
   665                           
   666  0070                     ?_loop:	
   667                           ; 1 bytes @ 0x0
   668                           
   669  0070                     ?_main:	
   670                           ; 1 bytes @ 0x0
   671                           
   672                           
   673                           ; 1 bytes @ 0x0
   674  0070                     	ds	1
   675  0071                     ?_nrf24l01SPISend:	
   676  0071                     ??_loop:	
   677                           ; 1 bytes @ 0x1
   678                           
   679  0071                     nrf24l01SPISend@byte2:	
   680                           ; 1 bytes @ 0x1
   681                           
   682                           
   683                           ; 1 bytes @ 0x1
   684  0071                     	ds	1
   685  0072                     ??_nrf24l01SPISend:	
   686                           
   687                           ; 1 bytes @ 0x2
   688  0072                     	ds	1
   689  0073                     nrf24l01SPISend@byte1:	
   690                           
   691                           ; 1 bytes @ 0x3
   692  0073                     	ds	1
   693  0074                     ??_nrf24l01Init:	
   694                           
   695                           ; 1 bytes @ 0x4
   696  0074                     	ds	1
   697  0075                     nrf24l01Init@config:	
   698                           
   699                           ; 1 bytes @ 0x5
   700  0075                     	ds	1
   701  0076                     ??_main:	
   702                           
   703                           	psect	maintext
   704  003D                     __pmaintext:	
   705                           ; 1 bytes @ 0x6
   706 ;;
   707 ;;Main: autosize = 0, tempsize = 0, incstack = 0, save=0
   708 ;;
   709 ;; *************** function _main *****************
   710 ;; Defined at:
   711 ;;		line 14 in file "main.c"
   712 ;; Parameters:    Size  Location     Type
   713 ;;		None
   714 ;; Auto vars:     Size  Location     Type
   715 ;;		None
   716 ;; Return value:  Size  Location     Type
   717 ;;                  1    wreg      void 
   718 ;; Registers used:
   719 ;;		wreg, status,2, status,0, pclath, cstack
   720 ;; Tracked objects:
   721 ;;		On entry : B1F/0
   722 ;;		On exit  : 0/0
   723 ;;		Unchanged: 0/0
   724 ;; Data sizes:     COMMON   BANK0   BANK1
   725 ;;      Params:         0       0       0
   726 ;;      Locals:         0       0       0
   727 ;;      Temps:          0       0       0
   728 ;;      Totals:         0       0       0
   729 ;;Total ram usage:        0 bytes
   730 ;; Hardware stack levels required when called:    4
   731 ;; This function calls:
   732 ;;		_loop
   733 ;;		_nrf24l01Init
   734 ;; This function is called by:
   735 ;;		Startup code after reset
   736 ;; This function uses a non-reentrant model
   737 ;;
   738                           
   739                           
   740                           ;psect for function _main
   741  003D                     _main:	
   742                           
   743                           ;main.c: 16: INTCONbits.GIE = 0;
   744                           
   745                           ;incstack = 0
   746                           ; Regs used in _main: [wreg+status,2+status,0+pclath+cstack]
   747  003D  138B               	bcf	11,7	;volatile
   748                           
   749                           ;main.c: 17: INTCONbits.PEIE = 1;
   750  003E  170B               	bsf	11,6	;volatile
   751                           
   752                           ;main.c: 19: OSCCONbits.IRCF = 0b1111;
   753  003F  3078               	movlw	120
   754  0040  0021               	movlb	1	; select bank1
   755  0041  0499               	iorwf	25,f	;volatile
   756                           
   757                           ;main.c: 20: OSCCONbits.SCS = 0b10;
   758  0042  0819               	movf	25,w	;volatile
   759  0043  39FC               	andlw	-4
   760  0044  3802               	iorlw	2
   761  0045  0099               	movwf	25	;volatile
   762                           
   763                           ;main.c: 22: nrf24l01Init();
   764  0046  202F               	fcall	_nrf24l01Init
   765                           
   766                           ;main.c: 24: INTCONbits.GIE = 1;
   767  0047  178B               	bsf	11,7	;volatile
   768  0048                     l502:	
   769                           ;main.c: 26: while(1){
   770                           
   771                           
   772                           ;main.c: 27: loop();
   773  0048  204A               	fcall	_loop
   774  0049  2848               	goto	l502
   775  004A                     __end_of_main:	
   776                           ;main.c: 28: }
   777                           ;main.c: 30: return;
   778                           
   779                           
   780                           	psect	text1
   781  002F                     __ptext1:	
   782 ;; *************** function _nrf24l01Init *****************
   783 ;; Defined at:
   784 ;;		line 11 in file "nrf24l01.c"
   785 ;; Parameters:    Size  Location     Type
   786 ;;		None
   787 ;; Auto vars:     Size  Location     Type
   788 ;;  config          1    5[COMMON] struct .
   789 ;; Return value:  Size  Location     Type
   790 ;;                  1    wreg      void 
   791 ;; Registers used:
   792 ;;		wreg, status,2, status,0, pclath, cstack
   793 ;; Tracked objects:
   794 ;;		On entry : 0/0
   795 ;;		On exit  : 0/0
   796 ;;		Unchanged: 0/0
   797 ;; Data sizes:     COMMON   BANK0   BANK1
   798 ;;      Params:         0       0       0
   799 ;;      Locals:         1       0       0
   800 ;;      Temps:          1       0       0
   801 ;;      Totals:         2       0       0
   802 ;;Total ram usage:        2 bytes
   803 ;; Hardware stack levels used:    1
   804 ;; Hardware stack levels required when called:    3
   805 ;; This function calls:
   806 ;;		_nrf24l01SPISend
   807 ;; This function is called by:
   808 ;;		_main
   809 ;; This function uses a non-reentrant model
   810 ;;
   811                           
   812                           
   813                           ;psect for function _nrf24l01Init
   814  002F                     _nrf24l01Init:	
   815                           
   816                           ;nrf24l01.c: 13: n_CONFIG_t config;
   817                           ;nrf24l01.c: 14: config.byte = nrf24l01SPISend(0b00000000 | 0x00, 0);
   818                           
   819                           ;incstack = 0
   820                           ; Regs used in _nrf24l01Init: [wreg+status,2+status,0+pclath+cstack]
   821  002F  01F1               	clrf	nrf24l01SPISend@byte2
   822  0030  3000               	movlw	0
   823  0031  2014               	fcall	_nrf24l01SPISend
   824  0032  00F4               	movwf	??_nrf24l01Init
   825  0033  0874               	movf	??_nrf24l01Init,w
   826  0034  00F5               	movwf	nrf24l01Init@config
   827                           
   828                           ;nrf24l01.c: 15: config.PRIM_RX = 0;
   829  0035  1075               	bcf	nrf24l01Init@config,0
   830                           
   831                           ;nrf24l01.c: 16: nrf24l01SPISend(0b00100000 | 0x00, config.byte);
   832  0036  0875               	movf	nrf24l01Init@config,w
   833  0037  00F4               	movwf	??_nrf24l01Init
   834  0038  0874               	movf	??_nrf24l01Init,w
   835  0039  00F1               	movwf	nrf24l01SPISend@byte2
   836  003A  3020               	movlw	32
   837  003B  2014               	fcall	_nrf24l01SPISend
   838  003C  0008               	return
   839  003D                     __end_of_nrf24l01Init:	
   840                           
   841                           	psect	text2
   842  0014                     __ptext2:	
   843 ;; *************** function _nrf24l01SPISend *****************
   844 ;; Defined at:
   845 ;;		line 25 in file "nrf24l01spi.c"
   846 ;; Parameters:    Size  Location     Type
   847 ;;  byte1           1    wreg     unsigned char 
   848 ;;  byte2           1    1[COMMON] unsigned char 
   849 ;; Auto vars:     Size  Location     Type
   850 ;;  byte1           1    3[COMMON] unsigned char 
   851 ;; Return value:  Size  Location     Type
   852 ;;                  1    wreg      unsigned char 
   853 ;; Registers used:
   854 ;;		wreg
   855 ;; Tracked objects:
   856 ;;		On entry : 0/0
   857 ;;		On exit  : 0/0
   858 ;;		Unchanged: 0/0
   859 ;; Data sizes:     COMMON   BANK0   BANK1
   860 ;;      Params:         1       0       0
   861 ;;      Locals:         1       0       0
   862 ;;      Temps:          1       0       0
   863 ;;      Totals:         3       0       0
   864 ;;Total ram usage:        3 bytes
   865 ;; Hardware stack levels used:    1
   866 ;; Hardware stack levels required when called:    2
   867 ;; This function calls:
   868 ;;		Nothing
   869 ;; This function is called by:
   870 ;;		_nrf24l01Init
   871 ;; This function uses a non-reentrant model
   872 ;;
   873                           
   874                           
   875                           ;psect for function _nrf24l01SPISend
   876  0014                     _nrf24l01SPISend:	
   877                           
   878                           ;incstack = 0
   879                           ; Regs used in _nrf24l01SPISend: [wreg]
   880                           ;nrf24l01SPISend@byte1 stored from wreg
   881  0014  00F3               	movwf	nrf24l01SPISend@byte1
   882                           
   883                           ;nrf24l01spi.c: 27: PORTAbits.RA1 = 0;
   884  0015  0020               	movlb	0	; select bank0
   885  0016  108C               	bcf	12,1	;volatile
   886                           
   887                           ;nrf24l01spi.c: 29: SSP1BUF = byte1;
   888  0017  0873               	movf	nrf24l01SPISend@byte1,w
   889  0018  0024               	movlb	4	; select bank4
   890  0019  0091               	movwf	17	;volatile
   891  001A                     l62:	
   892                           ;nrf24l01spi.c: 31: while (!SSP1STATbits.BF){ __nop(); }
   893                           
   894  001A  0024               	movlb	4	; select bank4
   895  001B  1814               	btfsc	20,0	;volatile
   896  001C  281F               	goto	l482
   897  001D  0000               	nop
   898  001E  281A               	goto	l62
   899  001F                     l482:	
   900                           
   901                           ;nrf24l01spi.c: 33: status.byte = SSP1BUF;
   902  001F  0811               	movf	17,w	;volatile
   903  0020  00F2               	movwf	??_nrf24l01SPISend
   904  0021  0872               	movf	??_nrf24l01SPISend,w
   905  0022  00F6               	movwf	_status
   906                           
   907                           ;nrf24l01spi.c: 35: SSP1BUF = byte2;
   908  0023  0871               	movf	nrf24l01SPISend@byte2,w
   909  0024  0091               	movwf	17	;volatile
   910  0025                     l65:	
   911                           ;nrf24l01spi.c: 37: while (!SSP1STATbits.BF){ __nop(); }
   912                           
   913  0025  0024               	movlb	4	; select bank4
   914  0026  1814               	btfsc	20,0	;volatile
   915  0027  282A               	goto	l67
   916  0028  0000               	nop
   917  0029  2825               	goto	l65
   918  002A                     l67:	
   919                           
   920                           ;nrf24l01spi.c: 39: PORTAbits.RA1 = 0;
   921  002A  0020               	movlb	0	; select bank0
   922  002B  108C               	bcf	12,1	;volatile
   923                           
   924                           ;nrf24l01spi.c: 41: return SSP1BUF;
   925  002C  0024               	movlb	4	; select bank4
   926  002D  0811               	movf	17,w	;volatile
   927  002E  0008               	return
   928  002F                     __end_of_nrf24l01SPISend:	
   929                           
   930                           	psect	text3
   931  004A                     __ptext3:	
   932 ;; *************** function _loop *****************
   933 ;; Defined at:
   934 ;;		line 9 in file "main.c"
   935 ;; Parameters:    Size  Location     Type
   936 ;;		None
   937 ;; Auto vars:     Size  Location     Type
   938 ;;		None
   939 ;; Return value:  Size  Location     Type
   940 ;;                  1    wreg      void 
   941 ;; Registers used:
   942 ;;		None
   943 ;; Tracked objects:
   944 ;;		On entry : 0/0
   945 ;;		On exit  : 0/0
   946 ;;		Unchanged: 0/0
   947 ;; Data sizes:     COMMON   BANK0   BANK1
   948 ;;      Params:         0       0       0
   949 ;;      Locals:         0       0       0
   950 ;;      Temps:          0       0       0
   951 ;;      Totals:         0       0       0
   952 ;;Total ram usage:        0 bytes
   953 ;; Hardware stack levels used:    1
   954 ;; Hardware stack levels required when called:    2
   955 ;; This function calls:
   956 ;;		Nothing
   957 ;; This function is called by:
   958 ;;		_main
   959 ;; This function uses a non-reentrant model
   960 ;;
   961                           
   962                           
   963                           ;psect for function _loop
   964  004A                     _loop:	
   965                           
   966                           ;incstack = 0
   967                           ; Regs used in _loop: []
   968  004A  0008               	return
   969  004B                     __end_of_loop:	
   970                           
   971                           	psect	intentry
   972  0004                     __pintentry:	
   973 ;; *************** function _ISR *****************
   974 ;; Defined at:
   975 ;;		line 5 in file "main.c"
   976 ;; Parameters:    Size  Location     Type
   977 ;;		None
   978 ;; Auto vars:     Size  Location     Type
   979 ;;		None
   980 ;; Return value:  Size  Location     Type
   981 ;;                  1    wreg      void 
   982 ;; Registers used:
   983 ;;		status,2, status,0, pclath, cstack
   984 ;; Tracked objects:
   985 ;;		On entry : 0/0
   986 ;;		On exit  : 0/0
   987 ;;		Unchanged: 0/0
   988 ;; Data sizes:     COMMON   BANK0   BANK1
   989 ;;      Params:         0       0       0
   990 ;;      Locals:         0       0       0
   991 ;;      Temps:          1       0       0
   992 ;;      Totals:         1       0       0
   993 ;;Total ram usage:        1 bytes
   994 ;; Hardware stack levels used:    1
   995 ;; Hardware stack levels required when called:    1
   996 ;; This function calls:
   997 ;;		_nrf24l01ISR
   998 ;; This function is called by:
   999 ;;		Interrupt level 1
  1000 ;; This function uses a non-reentrant model
  1001 ;;
  1002                           
  1003  0004                     _ISR:	
  1004                           
  1005                           ;incstack = 0
  1006  0004  147E               	bsf	126,0	;set compiler interrupt flag (level 1)
  1007                           
  1008                           ; Regs used in _ISR: [status,2+status,0+pclath+cstack]
  1009  0005  3180               	pagesel	$
  1010  0006  0020               	movlb	0	; select bank0
  1011  0007  087F               	movf	127,w
  1012  0008  00F0               	movwf	??_ISR
  1013                           
  1014                           ;main.c: 6: nrf24l01ISR();
  1015  0009  204B               	fcall	_nrf24l01ISR
  1016  000A  0870               	movf	??_ISR,w
  1017  000B  0020               	movlb	0	; select bank0
  1018  000C  00FF               	movwf	127
  1019  000D  107E               	bcf	126,0	;clear compiler interrupt flag (level 1)
  1020  000E  0009               	retfie
  1021  000F                     __end_of_ISR:	
  1022                           
  1023                           	psect	text5
  1024  004B                     __ptext5:	
  1025 ;; *************** function _nrf24l01ISR *****************
  1026 ;; Defined at:
  1027 ;;		line 7 in file "nrf24l01.c"
  1028 ;; Parameters:    Size  Location     Type
  1029 ;;		None
  1030 ;; Auto vars:     Size  Location     Type
  1031 ;;		None
  1032 ;; Return value:  Size  Location     Type
  1033 ;;                  1    wreg      void 
  1034 ;; Registers used:
  1035 ;;		None
  1036 ;; Tracked objects:
  1037 ;;		On entry : 0/0
  1038 ;;		On exit  : 0/0
  1039 ;;		Unchanged: 0/0
  1040 ;; Data sizes:     COMMON   BANK0   BANK1
  1041 ;;      Params:         0       0       0
  1042 ;;      Locals:         0       0       0
  1043 ;;      Temps:          0       0       0
  1044 ;;      Totals:         0       0       0
  1045 ;;Total ram usage:        0 bytes
  1046 ;; Hardware stack levels used:    1
  1047 ;; This function calls:
  1048 ;;		Nothing
  1049 ;; This function is called by:
  1050 ;;		_ISR
  1051 ;; This function uses a non-reentrant model
  1052 ;;
  1053                           
  1054                           
  1055                           ;psect for function _nrf24l01ISR
  1056  004B                     _nrf24l01ISR:	
  1057                           
  1058                           ;incstack = 0
  1059                           ; Regs used in _nrf24l01ISR: []
  1060  004B  0008               	return
  1061  004C                     __end_of_nrf24l01ISR:	
  1062  007E                     btemp	set	126	;btemp
  1063  007E                     int$flags	set	126
  1064  007E                     wtemp0	set	126


Data Sizes:
    Strings     0
    Constant    0
    Data        0
    BSS         1
    Persistent  0
    Stack       0

Auto Spaces:
    Space          Size  Autos    Used
    COMMON           14      6       7
    BANK0            80      0       0
    BANK1            32      0       0

Pointer List with Targets:

    None.

Critical Paths under _main in COMMON

    _main->_nrf24l01Init
    _nrf24l01Init->_nrf24l01SPISend

Critical Paths under _ISR in COMMON

    None.

Critical Paths under _main in BANK0

    None.

Critical Paths under _ISR in BANK0

    None.

Critical Paths under _main in BANK1

    None.

Critical Paths under _ISR in BANK1

    None.

Call Graph Tables:

 ---------------------------------------------------------------------------------
 (Depth) Function   	        Calls       Base Space   Used Autos Params    Refs
 ---------------------------------------------------------------------------------
 (0) _main                                                 0     0      0     154
                               _loop
                       _nrf24l01Init
 ---------------------------------------------------------------------------------
 (1) _nrf24l01Init                                         2     2      0     154
                                              4 COMMON     2     2      0
                    _nrf24l01SPISend
 ---------------------------------------------------------------------------------
 (2) _nrf24l01SPISend                                      3     2      1     130
                                              1 COMMON     3     2      1
 ---------------------------------------------------------------------------------
 (1) _loop                                                 0     0      0       0
 ---------------------------------------------------------------------------------
 Estimated maximum stack depth 2
 ---------------------------------------------------------------------------------
 (Depth) Function   	        Calls       Base Space   Used Autos Params    Refs
 ---------------------------------------------------------------------------------
 (3) _ISR                                                  1     1      0       0
                                              0 COMMON     1     1      0
                        _nrf24l01ISR
 ---------------------------------------------------------------------------------
 (4) _nrf24l01ISR                                          0     0      0       0
 ---------------------------------------------------------------------------------
 Estimated maximum stack depth 4
 ---------------------------------------------------------------------------------

 Call Graph Graphs:

 _main (ROOT)
   _loop
   _nrf24l01Init
     _nrf24l01SPISend

 _ISR (ROOT)
   _nrf24l01ISR

 Address spaces:
Name               Size   Autos  Total    Cost      Usage
BIGRAM              70      0       0       0        0.0%
NULL                 0      0       0       0        0.0%
CODE                 0      0       0       0        0.0%
BITCOMMON            E      0       0       1        0.0%
BITSFR0              0      0       0       1        0.0%
SFR0                 0      0       0       1        0.0%
COMMON               E      6       7       2       50.0%
BITSFR1              0      0       0       2        0.0%
SFR1                 0      0       0       2        0.0%
BITSFR2              0      0       0       3        0.0%
SFR2                 0      0       0       3        0.0%
STACK                0      0       0       3        0.0%
BITSFR3              0      0       0       4        0.0%
SFR3                 0      0       0       4        0.0%
ABS                  0      0       7       4        0.0%
BITBANK0            50      0       0       5        0.0%
BITSFR4              0      0       0       5        0.0%
SFR4                 0      0       0       5        0.0%
BANK0               50      0       0       6        0.0%
BITSFR5              0      0       0       6        0.0%
SFR5                 0      0       0       6        0.0%
BITBANK1            20      0       0       7        0.0%
BITSFR6              0      0       0       7        0.0%
SFR6                 0      0       0       7        0.0%
BANK1               20      0       0       8        0.0%
BITSFR7              0      0       0       8        0.0%
SFR7                 0      0       0       8        0.0%
BITSFR8              0      0       0       9        0.0%
SFR8                 0      0       0       9        0.0%
DATA                 0      0       7       9        0.0%
BITSFR9              0      0       0      10        0.0%
SFR9                 0      0       0      10        0.0%
BITSFR10             0      0       0      11        0.0%
SFR10                0      0       0      11        0.0%
BITSFR11             0      0       0      12        0.0%
SFR11                0      0       0      12        0.0%
BITSFR12             0      0       0      13        0.0%
SFR12                0      0       0      13        0.0%
BITSFR13             0      0       0      14        0.0%
SFR13                0      0       0      14        0.0%
BITSFR14             0      0       0      15        0.0%
SFR14                0      0       0      15        0.0%
BITSFR15             0      0       0      16        0.0%
SFR15                0      0       0      16        0.0%
BITSFR16             0      0       0      17        0.0%
SFR16                0      0       0      17        0.0%
BITSFR17             0      0       0      18        0.0%
SFR17                0      0       0      18        0.0%
BITSFR18             0      0       0      19        0.0%
SFR18                0      0       0      19        0.0%
BITSFR19             0      0       0      20        0.0%
SFR19                0      0       0      20        0.0%
BITSFR20             0      0       0      21        0.0%
SFR20                0      0       0      21        0.0%
BITSFR21             0      0       0      22        0.0%
SFR21                0      0       0      22        0.0%
BITSFR22             0      0       0      23        0.0%
SFR22                0      0       0      23        0.0%
BITSFR23             0      0       0      24        0.0%
SFR23                0      0       0      24        0.0%
BITSFR24             0      0       0      25        0.0%
SFR24                0      0       0      25        0.0%
BITSFR25             0      0       0      26        0.0%
SFR25                0      0       0      26        0.0%
BITSFR26             0      0       0      27        0.0%
SFR26                0      0       0      27        0.0%
BITSFR27             0      0       0      28        0.0%
SFR27                0      0       0      28        0.0%
BITSFR28             0      0       0      29        0.0%
SFR28                0      0       0      29        0.0%
BITSFR29             0      0       0      30        0.0%
SFR29                0      0       0      30        0.0%
BITSFR30             0      0       0      31        0.0%
SFR30                0      0       0      31        0.0%
BITSFR31             0      0       0      32        0.0%
SFR31                0      0       0      32        0.0%


Microchip Technology PIC Macro Assembler V1.45 build -152302408 
Symbol Table                                                                                   Mon Apr 30 21:32:21 2018

             __CFG_CP$OFF 0000                        l62 001A                        l65 0025  
                      l67 002A               __CFG_LVP$ON 0000                       l502 0048  
                     l482 001F                       _ISR 0004              __CFG_BORV$LO 0000  
                    ?_ISR 0070            ??_nrf24l01Init 0074              __CFG_WRT$OFF 0000  
                    _main 003D                      _loop 004A                      btemp 007E  
                    start 000F                     ??_ISR 0070                     ?_main 0070  
                   ?_loop 0070             __CFG_WDTE$OFF 0000             __CFG_PWRTE$ON 0000  
          __CFG_BOREN$OFF 0000                     wtemp0 007E            __CFG_MCLRE$OFF 0000  
         __initialization 0010              __end_of_main 004A              __end_of_loop 004B  
          __CFG_LPBOR$OFF 0000                    ??_main 0076                    ??_loop 0071  
__size_of_nrf24l01SPISend 001B      __size_of_nrf24l01ISR 0001            __CFG_STVREN$ON 0000  
    __end_of_nrf24l01Init 003D                    _status 0076   __end_of__initialization 0011  
          __pcstackCOMMON 0070         ??_nrf24l01SPISend 0072                __pmaintext 003D  
              __pintentry 0004                   _SSP1BUF 0211     __size_of_nrf24l01Init 000E  
                 __ptext1 002F                   __ptext2 0014                   __ptext3 004A  
                 __ptext5 004B              __size_of_ISR 000B      end_of_initialization 0011  
            _nrf24l01Init 002F                 _PORTAbits 000C          __CFG_FOSC$INTOSC 0000  
               _TRISAbits 008C                 _TRISCbits 008E             ??_nrf24l01ISR 0070  
     start_initialization 0010           _nrf24l01SPISend 0014               __end_of_ISR 000F  
     __end_of_nrf24l01ISR 004C               __pbssCOMMON 0076                 ___latbits 0000  
 __end_of_nrf24l01SPISend 002F      nrf24l01SPISend@byte1 0073      nrf24l01SPISend@byte2 0071  
             _nrf24l01ISR 004B          ?_nrf24l01SPISend 0071             __size_of_main 000D  
           __size_of_loop 0001                  int$flags 007E              _SSP1STATbits 0214  
              _INTCONbits 000B                  intlevel1 0000         __CFG_CLKOUTEN$OFF 0000  
      nrf24l01Init@config 0075                _OSCCONbits 0099               _SSPCON1bits 0215  
           ?_nrf24l01Init 0070              ?_nrf24l01ISR 0070  
